
*** Running vivado
    with args -log uproc_top_level_clock_div25_0_0.vds -m64 -product Vivado -mode batch -messageDb vivado.pb -notrace -source uproc_top_level_clock_div25_0_0.tcl



****** Vivado v2021.1 (64-bit)
  **** SW Build 3247384 on Thu Jun 10 19:36:33 MDT 2021
  **** IP Build 3246043 on Fri Jun 11 00:30:35 MDT 2021
    ** Copyright 1986-2021 Xilinx, Inc. All Rights Reserved.

source uproc_top_level_clock_div25_0_0.tcl -notrace
Command: synth_design -top uproc_top_level_clock_div25_0_0 -part xc7z010clg400-1 -mode out_of_context
Starting synth_design
Attempting to get a license for feature 'Synthesis' and/or device 'xc7z010'
INFO: [Common 17-349] Got license for feature 'Synthesis' and/or device 'xc7z010'
INFO: [Device 21-403] Loading part xc7z010clg400-1
INFO: [Synth 8-7079] Multithreading enabled for synth_design using a maximum of 2 processes.
INFO: [Synth 8-7078] Launching helper process for spawning children vivado processes
INFO: [Synth 8-7075] Helper process launched with PID 1372
---------------------------------------------------------------------------------
Starting RTL Elaboration : Time (s): cpu = 00:00:09 ; elapsed = 00:00:13 . Memory (MB): peak = 1116.746 ; gain = 0.000
---------------------------------------------------------------------------------
INFO: [Synth 8-638] synthesizing module 'uproc_top_level_clock_div25_0_0' [c:/Users/Winte/OneDrive/Documents/College Textbooks and Materials/2024 Senior Spring/Embedded/Labs/Lab5v2/Lab5v2.gen/sources_1/bd/uproc_top_level/ip/uproc_top_level_clock_div25_0_0/synth/uproc_top_level_clock_div25_0_0.vhd:63]
INFO: [Synth 8-3491] module 'clock_div25' declared at 'C:/Users/Winte/OneDrive/Documents/College Textbooks and Materials/2024 Senior Spring/Embedded/Labs/Lab5v2/Lab5v2.srcs/sources_1/new/clock_div25Mhz.vhd:35' bound to instance 'U0' of component 'clock_div25' [c:/Users/Winte/OneDrive/Documents/College Textbooks and Materials/2024 Senior Spring/Embedded/Labs/Lab5v2/Lab5v2.gen/sources_1/bd/uproc_top_level/ip/uproc_top_level_clock_div25_0_0/synth/uproc_top_level_clock_div25_0_0.vhd:85]
INFO: [Synth 8-638] synthesizing module 'clock_div25' [C:/Users/Winte/OneDrive/Documents/College Textbooks and Materials/2024 Senior Spring/Embedded/Labs/Lab5v2/Lab5v2.srcs/sources_1/new/clock_div25Mhz.vhd:42]
INFO: [Synth 8-256] done synthesizing module 'clock_div25' (1#1) [C:/Users/Winte/OneDrive/Documents/College Textbooks and Materials/2024 Senior Spring/Embedded/Labs/Lab5v2/Lab5v2.srcs/sources_1/new/clock_div25Mhz.vhd:42]
INFO: [Synth 8-256] done synthesizing module 'uproc_top_level_clock_div25_0_0' (2#1) [c:/Users/Winte/OneDrive/Documents/College Textbooks and Materials/2024 Senior Spring/Embedded/Labs/Lab5v2/Lab5v2.gen/sources_1/bd/uproc_top_level/ip/uproc_top_level_clock_div25_0_0/synth/uproc_top_level_clock_div25_0_0.vhd:63]
---------------------------------------------------------------------------------
Finished RTL Elaboration : Time (s): cpu = 00:00:11 ; elapsed = 00:00:16 . Memory (MB): peak = 1116.746 ; gain = 0.000
---------------------------------------------------------------------------------
---------------------------------------------------------------------------------
Start Handling Custom Attributes
---------------------------------------------------------------------------------
---------------------------------------------------------------------------------
Finished Handling Custom Attributes : Time (s): cpu = 00:00:11 ; elapsed = 00:00:17 . Memory (MB): peak = 1116.746 ; gain = 0.000
---------------------------------------------------------------------------------
---------------------------------------------------------------------------------
Finished RTL Optimization Phase 1 : Time (s): cpu = 00:00:11 ; elapsed = 00:00:17 . Memory (MB): peak = 1116.746 ; gain = 0.000
---------------------------------------------------------------------------------
Netlist sorting complete. Time (s): cpu = 00:00:00 ; elapsed = 00:00:00 . Memory (MB): peak = 1116.746 ; gain = 0.000
INFO: [Project 1-570] Preparing netlist for logic optimization

Processing XDC Constraints
Initializing timing engine
Completed Processing XDC Constraints

Netlist sorting complete. Time (s): cpu = 00:00:00 ; elapsed = 00:00:00 . Memory (MB): peak = 1116.746 ; gain = 0.000
INFO: [Project 1-111] Unisim Transformation Summary:
No Unisim elements were transformed.

Constraint Validation Runtime : Time (s): cpu = 00:00:00 ; elapsed = 00:00:00.028 . Memory (MB): peak = 1116.746 ; gain = 0.000
---------------------------------------------------------------------------------
Finished Constraint Validation : Time (s): cpu = 00:00:23 ; elapsed = 00:00:32 . Memory (MB): peak = 1116.746 ; gain = 0.000
---------------------------------------------------------------------------------
---------------------------------------------------------------------------------
Start Loading Part and Timing Information
---------------------------------------------------------------------------------
Loading part: xc7z010clg400-1
---------------------------------------------------------------------------------
Finished Loading Part and Timing Information : Time (s): cpu = 00:00:23 ; elapsed = 00:00:32 . Memory (MB): peak = 1116.746 ; gain = 0.000
---------------------------------------------------------------------------------
---------------------------------------------------------------------------------
Start Applying 'set_property' XDC Constraints
---------------------------------------------------------------------------------
---------------------------------------------------------------------------------
Finished applying 'set_property' XDC Constraints : Time (s): cpu = 00:00:23 ; elapsed = 00:00:32 . Memory (MB): peak = 1116.746 ; gain = 0.000
---------------------------------------------------------------------------------
---------------------------------------------------------------------------------
Finished RTL Optimization Phase 2 : Time (s): cpu = 00:00:24 ; elapsed = 00:00:33 . Memory (MB): peak = 1116.746 ; gain = 0.000
---------------------------------------------------------------------------------
---------------------------------------------------------------------------------
Start RTL Component Statistics 
---------------------------------------------------------------------------------
Detailed RTL Component Info : 
+---Adders : 
	   2 Input    5 Bit       Adders := 1     
+---Registers : 
	                5 Bit    Registers := 1     
	                1 Bit    Registers := 1     
+---Muxes : 
	   2 Input    5 Bit        Muxes := 1     
	   2 Input    1 Bit        Muxes := 1     
---------------------------------------------------------------------------------
Finished RTL Component Statistics 
---------------------------------------------------------------------------------
---------------------------------------------------------------------------------
Start Part Resource Summary
---------------------------------------------------------------------------------
Part Resources:
DSPs: 80 (col length:40)
BRAMs: 120 (col length: RAMB18 40 RAMB36 20)
---------------------------------------------------------------------------------
Finished Part Resource Summary
---------------------------------------------------------------------------------
---------------------------------------------------------------------------------
Start Cross Boundary and Area Optimization
---------------------------------------------------------------------------------
---------------------------------------------------------------------------------
Finished Cross Boundary and Area Optimization : Time (s): cpu = 00:00:27 ; elapsed = 00:00:36 . Memory (MB): peak = 1116.746 ; gain = 0.000
---------------------------------------------------------------------------------
---------------------------------------------------------------------------------
Start Applying XDC Timing Constraints
---------------------------------------------------------------------------------
---------------------------------------------------------------------------------
Finished Applying XDC Timing Constraints : Time (s): cpu = 00:00:40 ; elapsed = 00:00:51 . Memory (MB): peak = 1116.746 ; gain = 0.000
---------------------------------------------------------------------------------
---------------------------------------------------------------------------------
Start Timing Optimization
---------------------------------------------------------------------------------
---------------------------------------------------------------------------------
Finished Timing Optimization : Time (s): cpu = 00:00:40 ; elapsed = 00:00:51 . Memory (MB): peak = 1116.746 ; gain = 0.000
---------------------------------------------------------------------------------
---------------------------------------------------------------------------------
Start Technology Mapping
---------------------------------------------------------------------------------
---------------------------------------------------------------------------------
Finished Technology Mapping : Time (s): cpu = 00:00:40 ; elapsed = 00:00:51 . Memory (MB): peak = 1135.684 ; gain = 18.938
---------------------------------------------------------------------------------
---------------------------------------------------------------------------------
Start IO Insertion
---------------------------------------------------------------------------------
---------------------------------------------------------------------------------
Start Flattening Before IO Insertion
---------------------------------------------------------------------------------
---------------------------------------------------------------------------------
Finished Flattening Before IO Insertion
---------------------------------------------------------------------------------
---------------------------------------------------------------------------------
Start Final Netlist Cleanup
---------------------------------------------------------------------------------
---------------------------------------------------------------------------------
Finished Final Netlist Cleanup
---------------------------------------------------------------------------------
---------------------------------------------------------------------------------
Finished IO Insertion : Time (s): cpu = 00:00:48 ; elapsed = 00:00:59 . Memory (MB): peak = 1142.434 ; gain = 25.688
---------------------------------------------------------------------------------
---------------------------------------------------------------------------------
Start Renaming Generated Instances
---------------------------------------------------------------------------------
---------------------------------------------------------------------------------
Finished Renaming Generated Instances : Time (s): cpu = 00:00:48 ; elapsed = 00:00:59 . Memory (MB): peak = 1142.434 ; gain = 25.688
---------------------------------------------------------------------------------
---------------------------------------------------------------------------------
Start Rebuilding User Hierarchy
---------------------------------------------------------------------------------
---------------------------------------------------------------------------------
Finished Rebuilding User Hierarchy : Time (s): cpu = 00:00:48 ; elapsed = 00:00:59 . Memory (MB): peak = 1142.434 ; gain = 25.688
---------------------------------------------------------------------------------
---------------------------------------------------------------------------------
Start Renaming Generated Ports
---------------------------------------------------------------------------------
---------------------------------------------------------------------------------
Finished Renaming Generated Ports : Time (s): cpu = 00:00:48 ; elapsed = 00:00:59 . Memory (MB): peak = 1142.434 ; gain = 25.688
---------------------------------------------------------------------------------
---------------------------------------------------------------------------------
Start Handling Custom Attributes
---------------------------------------------------------------------------------
---------------------------------------------------------------------------------
Finished Handling Custom Attributes : Time (s): cpu = 00:00:48 ; elapsed = 00:00:59 . Memory (MB): peak = 1142.434 ; gain = 25.688
---------------------------------------------------------------------------------
---------------------------------------------------------------------------------
Start Renaming Generated Nets
---------------------------------------------------------------------------------
---------------------------------------------------------------------------------
Finished Renaming Generated Nets : Time (s): cpu = 00:00:48 ; elapsed = 00:00:59 . Memory (MB): peak = 1142.434 ; gain = 25.688
---------------------------------------------------------------------------------
---------------------------------------------------------------------------------
Start Writing Synthesis Report
---------------------------------------------------------------------------------

Report BlackBoxes: 
+-+--------------+----------+
| |BlackBox name |Instances |
+-+--------------+----------+
+-+--------------+----------+

Report Cell Usage: 
+------+-----+------+
|      |Cell |Count |
+------+-----+------+
|1     |LUT1 |     1|
|2     |LUT2 |     1|
|3     |LUT3 |     1|
|4     |LUT4 |     1|
|5     |LUT5 |     3|
|6     |FDRE |     6|
+------+-----+------+
---------------------------------------------------------------------------------
Finished Writing Synthesis Report : Time (s): cpu = 00:00:48 ; elapsed = 00:00:59 . Memory (MB): peak = 1142.434 ; gain = 25.688
---------------------------------------------------------------------------------
Synthesis finished with 0 errors, 0 critical warnings and 0 warnings.
Synthesis Optimization Runtime : Time (s): cpu = 00:00:34 ; elapsed = 00:00:55 . Memory (MB): peak = 1142.434 ; gain = 25.688
Synthesis Optimization Complete : Time (s): cpu = 00:00:48 ; elapsed = 00:01:00 . Memory (MB): peak = 1142.434 ; gain = 25.688
INFO: [Project 1-571] Translating synthesized netlist
Netlist sorting complete. Time (s): cpu = 00:00:00 ; elapsed = 00:00:00 . Memory (MB): peak = 1154.531 ; gain = 0.000
INFO: [Project 1-570] Preparing netlist for logic optimization
INFO: [Opt 31-138] Pushed 0 inverter(s) to 0 load pin(s).
Netlist sorting complete. Time (s): cpu = 00:00:00 ; elapsed = 00:00:00 . Memory (MB): peak = 1168.629 ; gain = 0.000
INFO: [Project 1-111] Unisim Transformation Summary:
No Unisim elements were transformed.

Synth Design complete, checksum: 382ad2b5
INFO: [Common 17-83] Releasing license: Synthesis
17 Infos, 0 Warnings, 0 Critical Warnings and 0 Errors encountered.
synth_design completed successfully
synth_design: Time (s): cpu = 00:00:55 ; elapsed = 00:01:15 . Memory (MB): peak = 1168.629 ; gain = 51.883
INFO: [Common 17-1381] The checkpoint 'C:/Users/Winte/OneDrive/Documents/College Textbooks and Materials/2024 Senior Spring/Embedded/Labs/Lab5v2/Lab5v2.runs/uproc_top_level_clock_div25_0_0_synth_1/uproc_top_level_clock_div25_0_0.dcp' has been generated.
WARNING: [Coretcl 2-1799] Unable to create IP cache entry for IP uproc_top_level_clock_div25_0_0: No IP found matching VLNV xilinx.com:module_ref:clock_div25:1.0
INFO: [Common 17-1381] The checkpoint 'C:/Users/Winte/OneDrive/Documents/College Textbooks and Materials/2024 Senior Spring/Embedded/Labs/Lab5v2/Lab5v2.runs/uproc_top_level_clock_div25_0_0_synth_1/uproc_top_level_clock_div25_0_0.dcp' has been generated.
INFO: [runtcl-4] Executing : report_utilization -file uproc_top_level_clock_div25_0_0_utilization_synth.rpt -pb uproc_top_level_clock_div25_0_0_utilization_synth.pb
INFO: [Common 17-206] Exiting Vivado at Thu Apr 18 18:12:01 2024...
